2025-12-22 21:19:45 [main] INFO  BaseClass - config.properties file loaded
2025-12-22 21:19:48 [main] INFO  BaseClass - EdgeDriver instance is created.
2025-12-22 21:19:51 [main] INFO  BaseClass - Webdriver Initialized and Browser maximized
2025-12-22 21:19:51 [main] TRACE BaseClass - Trace Message
2025-12-22 21:19:51 [main] ERROR BaseClass - Error Message
2025-12-22 21:19:51 [main] DEBUG BaseClass - Debug Message
2025-12-22 21:19:51 [main] FATAL BaseClass - Fatal Message
2025-12-22 21:19:51 [main] WARN  BaseClass - Warn Message
2025-12-22 21:19:51 [main] INFO  ActionDriver - WebDriver instance is created.
2025-12-22 21:19:51 [main] INFO  BaseClass - ActionDriver instance is created.
2025-12-22 21:19:51 [main] INFO  ActionDriver - Entered text: invalidUser
2025-12-22 21:19:51 [main] INFO  ActionDriver - Entered text: invalidPass
2025-12-22 21:19:51 [main] INFO  ActionDriver - Clicked on element
2025-12-22 21:19:52 [main] INFO  BaseClass - Webdriver instance is closed.
2025-12-24 17:05:35 [main] INFO  BaseClass - config.properties file loaded
2025-12-24 17:05:39 [main] INFO  BaseClass - EdgeDriver instance is created.
2025-12-24 17:05:42 [main] INFO  BaseClass - Webdriver Initialized and Browser maximized
2025-12-24 17:05:42 [main] TRACE BaseClass - Trace Message
2025-12-24 17:05:42 [main] ERROR BaseClass - Error Message
2025-12-24 17:05:42 [main] DEBUG BaseClass - Debug Message
2025-12-24 17:05:42 [main] FATAL BaseClass - Fatal Message
2025-12-24 17:05:42 [main] WARN  BaseClass - Warn Message
2025-12-24 17:05:42 [main] INFO  ActionDriver - WebDriver instance is created.
2025-12-24 17:05:42 [main] INFO  BaseClass - ActionDriver instance is created.
2025-12-24 17:05:42 [main] INFO  ActionDriver - Entered text: Element with name: username admin
2025-12-24 17:05:42 [main] INFO  ActionDriver - Entered text: Element with name: password admin123
2025-12-24 17:05:43 [main] INFO  ActionDriver - Clicked on element--> Element with text: Login
2025-12-24 17:05:43 [main] INFO  ActionDriver - Element is displayed: Element with text: Admin
2025-12-24 17:05:43 [main] INFO  ActionDriver - Clicked on element--> Element with text: manda user
2025-12-24 17:05:44 [main] INFO  ActionDriver - Clicked on element--> Element with class: oxd-userdropdown-link
2025-12-24 17:05:47 [main] INFO  BaseClass - Webdriver instance is closed.
2025-12-24 17:06:06 [main] INFO  BaseClass - config.properties file loaded
2025-12-24 17:06:08 [main] INFO  BaseClass - EdgeDriver instance is created.
2025-12-24 17:06:10 [main] INFO  BaseClass - Webdriver Initialized and Browser maximized
2025-12-24 17:06:10 [main] TRACE BaseClass - Trace Message
2025-12-24 17:06:10 [main] ERROR BaseClass - Error Message
2025-12-24 17:06:10 [main] DEBUG BaseClass - Debug Message
2025-12-24 17:06:10 [main] FATAL BaseClass - Fatal Message
2025-12-24 17:06:10 [main] WARN  BaseClass - Warn Message
2025-12-24 17:06:10 [main] INFO  ActionDriver - WebDriver instance is created.
2025-12-24 17:06:10 [main] INFO  BaseClass - ActionDriver instance is created.
2025-12-24 17:06:11 [main] INFO  ActionDriver - Entered text: Element with name: username invalidUser
2025-12-24 17:06:11 [main] INFO  ActionDriver - Entered text: Element with name: password invalidPass
2025-12-24 17:06:11 [main] INFO  ActionDriver - Clicked on element--> Element with text: Login
2025-12-24 17:06:12 [main] INFO  BaseClass - Webdriver instance is closed.
2025-12-24 17:06:13 [main] INFO  BaseClass - EdgeDriver instance is created.
2025-12-24 17:06:16 [main] INFO  BaseClass - Webdriver Initialized and Browser maximized
2025-12-24 17:06:16 [main] TRACE BaseClass - Trace Message
2025-12-24 17:06:16 [main] ERROR BaseClass - Error Message
2025-12-24 17:06:16 [main] DEBUG BaseClass - Debug Message
2025-12-24 17:06:16 [main] FATAL BaseClass - Fatal Message
2025-12-24 17:06:16 [main] WARN  BaseClass - Warn Message
2025-12-24 17:06:16 [main] INFO  ActionDriver - WebDriver instance is created.
2025-12-24 17:06:16 [main] INFO  BaseClass - ActionDriver instance is created.
2025-12-24 17:06:16 [main] INFO  ActionDriver - Entered text: Element with name: username admin
2025-12-24 17:06:16 [main] INFO  ActionDriver - Entered text: Element with name: password admin123
2025-12-24 17:06:16 [main] INFO  ActionDriver - Clicked on element--> Element with text: Login
2025-12-24 17:06:17 [main] INFO  ActionDriver - Element is displayed: Element with text: Admin
2025-12-24 17:06:18 [main] INFO  ActionDriver - Clicked on element--> Element with text: manda user
2025-12-24 17:06:19 [main] INFO  ActionDriver - Clicked on element--> Element with class: oxd-userdropdown-link
2025-12-24 17:06:21 [main] INFO  BaseClass - Webdriver instance is closed.
2025-12-24 17:06:47 [main] INFO  BaseClass - config.properties file loaded
2025-12-24 17:06:49 [main] INFO  BaseClass - EdgeDriver instance is created.
2025-12-24 17:06:52 [main] INFO  BaseClass - Webdriver Initialized and Browser maximized
2025-12-24 17:06:52 [main] TRACE BaseClass - Trace Message
2025-12-24 17:06:52 [main] ERROR BaseClass - Error Message
2025-12-24 17:06:52 [main] DEBUG BaseClass - Debug Message
2025-12-24 17:06:52 [main] FATAL BaseClass - Fatal Message
2025-12-24 17:06:52 [main] WARN  BaseClass - Warn Message
2025-12-24 17:06:52 [main] INFO  ActionDriver - WebDriver instance is created.
2025-12-24 17:06:52 [main] INFO  BaseClass - ActionDriver instance is created.
2025-12-24 17:06:52 [main] INFO  ActionDriver - Entered text: Element with name: username invalidUser
2025-12-24 17:06:52 [main] INFO  ActionDriver - Entered text: Element with name: password invalidPass
2025-12-24 17:06:53 [main] INFO  ActionDriver - Clicked on element--> Element with text: Login
2025-12-24 17:06:53 [main] INFO  ActionDriver - Text is Matching:Invalid credentials equals Invalid credentials
2025-12-24 17:06:53 [main] INFO  BaseClass - Webdriver instance is closed.
2025-12-24 17:06:54 [main] INFO  BaseClass - EdgeDriver instance is created.
2025-12-24 17:06:57 [main] INFO  BaseClass - Webdriver Initialized and Browser maximized
2025-12-24 17:06:57 [main] TRACE BaseClass - Trace Message
2025-12-24 17:06:57 [main] ERROR BaseClass - Error Message
2025-12-24 17:06:57 [main] DEBUG BaseClass - Debug Message
2025-12-24 17:06:57 [main] FATAL BaseClass - Fatal Message
2025-12-24 17:06:57 [main] WARN  BaseClass - Warn Message
2025-12-24 17:06:57 [main] INFO  ActionDriver - WebDriver instance is created.
2025-12-24 17:06:57 [main] INFO  BaseClass - ActionDriver instance is created.
2025-12-24 17:06:57 [main] INFO  ActionDriver - Entered text: Element with name: username admin
2025-12-24 17:06:57 [main] INFO  ActionDriver - Entered text: Element with name: password admin123
2025-12-24 17:06:58 [main] INFO  ActionDriver - Clicked on element--> Element with text: Login
2025-12-24 17:06:58 [main] INFO  ActionDriver - Element is displayed: Element with text: Admin
2025-12-24 17:06:59 [main] INFO  ActionDriver - Clicked on element--> Element with text: manda user
2025-12-24 17:07:00 [main] INFO  ActionDriver - Clicked on element--> Element with class: oxd-userdropdown-link
2025-12-24 17:07:02 [main] INFO  BaseClass - Webdriver instance is closed.
2025-12-24 17:08:44 [main] INFO  BaseClass - config.properties file loaded
2025-12-24 17:08:46 [main] INFO  BaseClass - EdgeDriver instance is created.
2025-12-24 17:08:48 [main] INFO  BaseClass - Webdriver Initialized and Browser maximized
2025-12-24 17:08:48 [main] TRACE BaseClass - Trace Message
2025-12-24 17:08:48 [main] ERROR BaseClass - Error Message
2025-12-24 17:08:48 [main] DEBUG BaseClass - Debug Message
2025-12-24 17:08:48 [main] FATAL BaseClass - Fatal Message
2025-12-24 17:08:48 [main] WARN  BaseClass - Warn Message
2025-12-24 17:08:48 [main] INFO  ActionDriver - WebDriver instance is created.
2025-12-24 17:08:48 [main] INFO  BaseClass - ActionDriver instance is created.
2025-12-24 17:08:49 [main] INFO  ActionDriver - Entered text on:Element with name: username-->invalidUser
2025-12-24 17:08:49 [main] INFO  ActionDriver - Entered text on:Element with name: password-->invalidPass
2025-12-24 17:08:50 [main] INFO  ActionDriver - Clicked on element--> Element with text: Login
2025-12-24 17:09:09 [main] INFO  ActionDriver - Text is Matching:Invalid credentials equals Invalid credentials
2025-12-24 17:09:09 [main] INFO  BaseClass - Webdriver instance is closed.
2025-12-24 17:09:11 [main] INFO  BaseClass - EdgeDriver instance is created.
2025-12-24 17:09:13 [main] INFO  BaseClass - Webdriver Initialized and Browser maximized
2025-12-24 17:09:13 [main] TRACE BaseClass - Trace Message
2025-12-24 17:09:13 [main] ERROR BaseClass - Error Message
2025-12-24 17:09:13 [main] DEBUG BaseClass - Debug Message
2025-12-24 17:09:13 [main] FATAL BaseClass - Fatal Message
2025-12-24 17:09:13 [main] WARN  BaseClass - Warn Message
2025-12-24 17:09:13 [main] INFO  ActionDriver - WebDriver instance is created.
2025-12-24 17:09:13 [main] INFO  BaseClass - ActionDriver instance is created.
2025-12-24 17:09:14 [main] INFO  ActionDriver - Entered text on:Element with name: username-->admin
2025-12-24 17:09:14 [main] INFO  ActionDriver - Entered text on:Element with name: password-->admin123
2025-12-24 17:09:14 [main] INFO  ActionDriver - Clicked on element--> Element with text: Login
2025-12-24 17:09:15 [main] INFO  ActionDriver - Element is displayed: Element with text: Admin
2025-12-24 17:09:15 [main] INFO  ActionDriver - Clicked on element--> Element with text: manda user
2025-12-24 17:09:16 [main] INFO  ActionDriver - Clicked on element--> Element with class: oxd-userdropdown-link
2025-12-24 17:09:18 [main] INFO  BaseClass - Webdriver instance is closed.
2025-12-29 11:15:55 [main] INFO  BaseClass - config.properties file loaded
2025-12-29 11:16:01 [TestNG-test-OrangeHRMTest-4] INFO  BaseClass - EdgeDriver instance is created.
2025-12-29 11:16:01 [TestNG-test-OrangeHRMTest-3] INFO  BaseClass - EdgeDriver instance is created.
2025-12-29 11:16:01 [TestNG-test-OrangeHRMTest-1] INFO  BaseClass - EdgeDriver instance is created.
2025-12-29 11:16:01 [TestNG-test-OrangeHRMTest-2] INFO  BaseClass - EdgeDriver instance is created.
2025-12-29 11:16:04 [TestNG-test-OrangeHRMTest-4] INFO  BaseClass - Webdriver Initialized and Browser maximized
2025-12-29 11:16:04 [TestNG-test-OrangeHRMTest-4] TRACE BaseClass - Trace Message
2025-12-29 11:16:04 [TestNG-test-OrangeHRMTest-4] ERROR BaseClass - Error Message
2025-12-29 11:16:04 [TestNG-test-OrangeHRMTest-4] DEBUG BaseClass - Debug Message
2025-12-29 11:16:04 [TestNG-test-OrangeHRMTest-4] FATAL BaseClass - Fatal Message
2025-12-29 11:16:04 [TestNG-test-OrangeHRMTest-4] WARN  BaseClass - Warn Message
2025-12-29 11:16:04 [TestNG-test-OrangeHRMTest-4] INFO  ActionDriver - WebDriver instance is created.
2025-12-29 11:16:04 [TestNG-test-OrangeHRMTest-4] INFO  BaseClass - ActionDriver instance is created.49
2025-12-29 11:16:04 [TestNG-test-OrangeHRMTest-4] INFO  ActionDriver - Entered text on:Element with name: username-->admin
2025-12-29 11:16:04 [TestNG-test-OrangeHRMTest-2] INFO  BaseClass - Webdriver Initialized and Browser maximized
2025-12-29 11:16:04 [TestNG-test-OrangeHRMTest-2] TRACE BaseClass - Trace Message
2025-12-29 11:16:04 [TestNG-test-OrangeHRMTest-2] ERROR BaseClass - Error Message
2025-12-29 11:16:04 [TestNG-test-OrangeHRMTest-2] DEBUG BaseClass - Debug Message
2025-12-29 11:16:04 [TestNG-test-OrangeHRMTest-2] FATAL BaseClass - Fatal Message
2025-12-29 11:16:04 [TestNG-test-OrangeHRMTest-2] WARN  BaseClass - Warn Message
2025-12-29 11:16:05 [TestNG-test-OrangeHRMTest-4] ERROR ActionDriver - Unable to enter the text into the input field: Error communicating with the remote browser. It may have died.
Build info: version: '4.39.0', revision: '126f156aee'
System info: os.name: 'Windows 11', os.arch: 'amd64', os.version: '10.0', java.version: '25.0.1'
Driver info: org.openqa.selenium.edge.EdgeDriver
Command: [1949cc29be840915698cba95b8ebedd7, sendKeysToElement [id, value]]
Capabilities {acceptInsecureCerts: false, browserName: MicrosoftEdge, browserVersion: 143.0.3650.96, fedcm:accounts: true, goog:processID: 34652, ms:edgeOptions: {debuggerAddress: localhost:63492}, msedge: {msedgedriverVersion: 143.0.3650.96 (d55fe85d0141..., userDataDir: C:\Users\igent\AppData\Loca...}, networkConnectionEnabled: false, pageLoadStrategy: normal, platformName: windows, proxy: Proxy(), se:cdp: ws://localhost:63492/devtoo..., se:cdpVersion: 143.0.3650.96, setWindowRect: true, strictFileInteractability: false, timeouts: {implicit: 0, pageLoad: 300000, script: 30000}, unhandledPromptBehavior: dismiss and notify, webauthn:extension:credBlob: true, webauthn:extension:largeBlob: true, webauthn:extension:minPinLength: true, webauthn:extension:prf: true, webauthn:virtualAuthenticators: true}
Element: [[EdgeDriver: MicrosoftEdge on windows (1949cc29be840915698cba95b8ebedd7)] -> css selector: input[type='password']]
Session ID: 1949cc29be840915698cba95b8ebedd7
2025-12-29 11:16:05 [TestNG-test-OrangeHRMTest-4] ERROR ActionDriver - Unable to locate the element: Error communicating with the remote browser. It may have died.
Build info: version: '4.39.0', revision: '126f156aee'
System info: os.name: 'Windows 11', os.arch: 'amd64', os.version: '10.0', java.version: '25.0.1'
Driver info: org.openqa.selenium.edge.EdgeDriver
Command: [1949cc29be840915698cba95b8ebedd7, findElement [value, using]]
Capabilities {acceptInsecureCerts: false, browserName: MicrosoftEdge, browserVersion: 143.0.3650.96, fedcm:accounts: true, goog:processID: 34652, ms:edgeOptions: {debuggerAddress: localhost:63492}, msedge: {msedgedriverVersion: 143.0.3650.96 (d55fe85d0141..., userDataDir: C:\Users\igent\AppData\Loca...}, networkConnectionEnabled: false, pageLoadStrategy: normal, platformName: windows, proxy: Proxy(), se:cdp: ws://localhost:63492/devtoo..., se:cdpVersion: 143.0.3650.96, setWindowRect: true, strictFileInteractability: false, timeouts: {implicit: 0, pageLoad: 300000, script: 30000}, unhandledPromptBehavior: dismiss and notify, webauthn:extension:credBlob: true, webauthn:extension:largeBlob: true, webauthn:extension:minPinLength: true, webauthn:extension:prf: true, webauthn:virtualAuthenticators: true}
Session ID: 1949cc29be840915698cba95b8ebedd7
2025-12-29 11:16:05 [TestNG-test-OrangeHRMTest-4] ERROR ActionDriver - element is not clickable: Error communicating with the remote browser. It may have died.
Build info: version: '4.39.0', revision: '126f156aee'
System info: os.name: 'Windows 11', os.arch: 'amd64', os.version: '10.0', java.version: '25.0.1'
Driver info: org.openqa.selenium.edge.EdgeDriver
Command: [1949cc29be840915698cba95b8ebedd7, findElement [value, using]]
Capabilities {acceptInsecureCerts: false, browserName: MicrosoftEdge, browserVersion: 143.0.3650.96, fedcm:accounts: true, goog:processID: 34652, ms:edgeOptions: {debuggerAddress: localhost:63492}, msedge: {msedgedriverVersion: 143.0.3650.96 (d55fe85d0141..., userDataDir: C:\Users\igent\AppData\Loca...}, networkConnectionEnabled: false, pageLoadStrategy: normal, platformName: windows, proxy: Proxy(), se:cdp: ws://localhost:63492/devtoo..., se:cdpVersion: 143.0.3650.96, setWindowRect: true, strictFileInteractability: false, timeouts: {implicit: 0, pageLoad: 300000, script: 30000}, unhandledPromptBehavior: dismiss and notify, webauthn:extension:credBlob: true, webauthn:extension:largeBlob: true, webauthn:extension:minPinLength: true, webauthn:extension:prf: true, webauthn:virtualAuthenticators: true}
Session ID: 1949cc29be840915698cba95b8ebedd7
2025-12-29 11:16:05 [TestNG-test-OrangeHRMTest-4] ERROR ActionDriver - Unable to click on the element
2025-12-29 11:16:05 [TestNG-test-OrangeHRMTest-4] ERROR ActionDriver - element is not visible: Error communicating with the remote browser. It may have died.
Build info: version: '4.39.0', revision: '126f156aee'
System info: os.name: 'Windows 11', os.arch: 'amd64', os.version: '10.0', java.version: '25.0.1'
Driver info: org.openqa.selenium.edge.EdgeDriver
Command: [1949cc29be840915698cba95b8ebedd7, findElement [value, using]]
Capabilities {acceptInsecureCerts: false, browserName: MicrosoftEdge, browserVersion: 143.0.3650.96, fedcm:accounts: true, goog:processID: 34652, ms:edgeOptions: {debuggerAddress: localhost:63492}, msedge: {msedgedriverVersion: 143.0.3650.96 (d55fe85d0141..., userDataDir: C:\Users\igent\AppData\Loca...}, networkConnectionEnabled: false, pageLoadStrategy: normal, platformName: windows, proxy: Proxy(), se:cdp: ws://localhost:63492/devtoo..., se:cdpVersion: 143.0.3650.96, setWindowRect: true, strictFileInteractability: false, timeouts: {implicit: 0, pageLoad: 300000, script: 30000}, unhandledPromptBehavior: dismiss and notify, webauthn:extension:credBlob: true, webauthn:extension:largeBlob: true, webauthn:extension:minPinLength: true, webauthn:extension:prf: true, webauthn:virtualAuthenticators: true}
Session ID: 1949cc29be840915698cba95b8ebedd7
2025-12-29 11:16:05 [TestNG-test-OrangeHRMTest-4] ERROR ActionDriver - Unable to locate the element: Error communicating with the remote browser. It may have died.
Build info: version: '4.39.0', revision: '126f156aee'
System info: os.name: 'Windows 11', os.arch: 'amd64', os.version: '10.0', java.version: '25.0.1'
Driver info: org.openqa.selenium.edge.EdgeDriver
Command: [1949cc29be840915698cba95b8ebedd7, findElement [value, using]]
Capabilities {acceptInsecureCerts: false, browserName: MicrosoftEdge, browserVersion: 143.0.3650.96, fedcm:accounts: true, goog:processID: 34652, ms:edgeOptions: {debuggerAddress: localhost:63492}, msedge: {msedgedriverVersion: 143.0.3650.96 (d55fe85d0141..., userDataDir: C:\Users\igent\AppData\Loca...}, networkConnectionEnabled: false, pageLoadStrategy: normal, platformName: windows, proxy: Proxy(), se:cdp: ws://localhost:63492/devtoo..., se:cdpVersion: 143.0.3650.96, setWindowRect: true, strictFileInteractability: false, timeouts: {implicit: 0, pageLoad: 300000, script: 30000}, unhandledPromptBehavior: dismiss and notify, webauthn:extension:credBlob: true, webauthn:extension:largeBlob: true, webauthn:extension:minPinLength: true, webauthn:extension:prf: true, webauthn:virtualAuthenticators: true}
Session ID: 1949cc29be840915698cba95b8ebedd7
2025-12-29 11:16:05 [TestNG-test-OrangeHRMTest-4] INFO  ActionDriver - Element is displayed Element description not available
2025-12-29 11:16:05 [TestNG-test-OrangeHRMTest-4] ERROR ActionDriver - Element is not displayed: Error communicating with the remote browser. It may have died.
Build info: version: '4.39.0', revision: '126f156aee'
System info: os.name: 'Windows 11', os.arch: 'amd64', os.version: '10.0', java.version: '25.0.1'
Driver info: org.openqa.selenium.edge.EdgeDriver
Command: [1949cc29be840915698cba95b8ebedd7, findElement [value, using]]
Capabilities {acceptInsecureCerts: false, browserName: MicrosoftEdge, browserVersion: 143.0.3650.96, fedcm:accounts: true, goog:processID: 34652, ms:edgeOptions: {debuggerAddress: localhost:63492}, msedge: {msedgedriverVersion: 143.0.3650.96 (d55fe85d0141..., userDataDir: C:\Users\igent\AppData\Loca...}, networkConnectionEnabled: false, pageLoadStrategy: normal, platformName: windows, proxy: Proxy(), se:cdp: ws://localhost:63492/devtoo..., se:cdpVersion: 143.0.3650.96, setWindowRect: true, strictFileInteractability: false, timeouts: {implicit: 0, pageLoad: 300000, script: 30000}, unhandledPromptBehavior: dismiss and notify, webauthn:extension:credBlob: true, webauthn:extension:largeBlob: true, webauthn:extension:minPinLength: true, webauthn:extension:prf: true, webauthn:virtualAuthenticators: true}
Session ID: 1949cc29be840915698cba95b8ebedd7
2025-12-29 11:16:05 [TestNG-test-OrangeHRMTest-2] INFO  BaseClass - Webdriver instance is closed.
2025-12-29 11:16:05 [TestNG-test-OrangeHRMTest-4] INFO  BaseClass - Webdriver instance is closed.
2025-12-29 11:16:05 [TestNG-test-OrangeHRMTest-1] INFO  BaseClass - Webdriver Initialized and Browser maximized
2025-12-29 11:16:05 [TestNG-test-OrangeHRMTest-1] TRACE BaseClass - Trace Message
2025-12-29 11:16:05 [TestNG-test-OrangeHRMTest-1] ERROR BaseClass - Error Message
2025-12-29 11:16:05 [TestNG-test-OrangeHRMTest-1] DEBUG BaseClass - Debug Message
2025-12-29 11:16:05 [TestNG-test-OrangeHRMTest-1] FATAL BaseClass - Fatal Message
2025-12-29 11:16:05 [TestNG-test-OrangeHRMTest-1] WARN  BaseClass - Warn Message
2025-12-29 11:16:05 [TestNG-test-OrangeHRMTest-1] INFO  ActionDriver - WebDriver instance is created.
2025-12-29 11:16:05 [TestNG-test-OrangeHRMTest-1] INFO  BaseClass - ActionDriver instance is created.46
2025-12-29 11:16:05 [TestNG-test-OrangeHRMTest-1] INFO  BaseClass - Webdriver instance is closed.
2025-12-29 11:16:05 [TestNG-test-OrangeHRMTest-3] INFO  BaseClass - Webdriver Initialized and Browser maximized
2025-12-29 11:16:05 [TestNG-test-OrangeHRMTest-3] TRACE BaseClass - Trace Message
2025-12-29 11:16:05 [TestNG-test-OrangeHRMTest-3] ERROR BaseClass - Error Message
2025-12-29 11:16:05 [TestNG-test-OrangeHRMTest-3] DEBUG BaseClass - Debug Message
2025-12-29 11:16:05 [TestNG-test-OrangeHRMTest-3] FATAL BaseClass - Fatal Message
2025-12-29 11:16:05 [TestNG-test-OrangeHRMTest-3] WARN  BaseClass - Warn Message
2025-12-29 11:16:05 [TestNG-test-OrangeHRMTest-3] INFO  ActionDriver - WebDriver instance is created.
2025-12-29 11:16:05 [TestNG-test-OrangeHRMTest-3] INFO  BaseClass - ActionDriver instance is created.48
2025-12-29 11:35:38 [main] INFO  BaseClass - config.properties file loaded
2025-12-29 11:35:41 [TestNG-test-OrangeHRMTest-1] INFO  BaseClass - EdgeDriver instance is created.
2025-12-29 11:35:41 [TestNG-test-OrangeHRMTest-3] INFO  BaseClass - EdgeDriver instance is created.
2025-12-29 11:35:41 [TestNG-test-OrangeHRMTest-2] INFO  BaseClass - EdgeDriver instance is created.
2025-12-29 11:35:41 [TestNG-test-OrangeHRMTest-4] INFO  BaseClass - EdgeDriver instance is created.
2025-12-29 11:35:45 [TestNG-test-OrangeHRMTest-3] INFO  BaseClass - Webdriver Initialized and Browser maximized
2025-12-29 11:35:45 [TestNG-test-OrangeHRMTest-3] TRACE BaseClass - Trace Message
2025-12-29 11:35:45 [TestNG-test-OrangeHRMTest-3] ERROR BaseClass - Error Message
2025-12-29 11:35:45 [TestNG-test-OrangeHRMTest-3] DEBUG BaseClass - Debug Message
2025-12-29 11:35:45 [TestNG-test-OrangeHRMTest-3] FATAL BaseClass - Fatal Message
2025-12-29 11:35:45 [TestNG-test-OrangeHRMTest-3] WARN  BaseClass - Warn Message
2025-12-29 11:35:45 [TestNG-test-OrangeHRMTest-3] INFO  ActionDriver - WebDriver instance is created.
2025-12-29 11:35:45 [TestNG-test-OrangeHRMTest-3] INFO  BaseClass - ActionDriver initialized for thread: 50
2025-12-29 11:35:45 [TestNG-test-OrangeHRMTest-4] INFO  BaseClass - Webdriver Initialized and Browser maximized
2025-12-29 11:35:45 [TestNG-test-OrangeHRMTest-1] INFO  BaseClass - Webdriver Initialized and Browser maximized
2025-12-29 11:35:45 [TestNG-test-OrangeHRMTest-4] TRACE BaseClass - Trace Message
2025-12-29 11:35:45 [TestNG-test-OrangeHRMTest-1] TRACE BaseClass - Trace Message
2025-12-29 11:35:45 [TestNG-test-OrangeHRMTest-4] ERROR BaseClass - Error Message
2025-12-29 11:35:45 [TestNG-test-OrangeHRMTest-1] ERROR BaseClass - Error Message
2025-12-29 11:35:45 [TestNG-test-OrangeHRMTest-4] DEBUG BaseClass - Debug Message
2025-12-29 11:35:45 [TestNG-test-OrangeHRMTest-4] FATAL BaseClass - Fatal Message
2025-12-29 11:35:45 [TestNG-test-OrangeHRMTest-1] DEBUG BaseClass - Debug Message
2025-12-29 11:35:45 [TestNG-test-OrangeHRMTest-1] FATAL BaseClass - Fatal Message
2025-12-29 11:35:45 [TestNG-test-OrangeHRMTest-4] WARN  BaseClass - Warn Message
2025-12-29 11:35:45 [TestNG-test-OrangeHRMTest-1] WARN  BaseClass - Warn Message
2025-12-29 11:35:45 [TestNG-test-OrangeHRMTest-4] INFO  ActionDriver - WebDriver instance is created.
2025-12-29 11:35:45 [TestNG-test-OrangeHRMTest-1] INFO  ActionDriver - WebDriver instance is created.
2025-12-29 11:35:45 [TestNG-test-OrangeHRMTest-1] INFO  BaseClass - ActionDriver initialized for thread: 48
2025-12-29 11:35:45 [TestNG-test-OrangeHRMTest-4] INFO  BaseClass - ActionDriver initialized for thread: 51
2025-12-29 11:35:45 [TestNG-test-OrangeHRMTest-2] INFO  BaseClass - Webdriver Initialized and Browser maximized
2025-12-29 11:35:45 [TestNG-test-OrangeHRMTest-2] TRACE BaseClass - Trace Message
2025-12-29 11:35:45 [TestNG-test-OrangeHRMTest-2] ERROR BaseClass - Error Message
2025-12-29 11:35:45 [TestNG-test-OrangeHRMTest-2] DEBUG BaseClass - Debug Message
2025-12-29 11:35:45 [TestNG-test-OrangeHRMTest-2] FATAL BaseClass - Fatal Message
2025-12-29 11:35:45 [TestNG-test-OrangeHRMTest-2] WARN  BaseClass - Warn Message
2025-12-29 11:35:45 [TestNG-test-OrangeHRMTest-2] INFO  ActionDriver - WebDriver instance is created.
2025-12-29 11:35:45 [TestNG-test-OrangeHRMTest-2] INFO  BaseClass - ActionDriver initialized for thread: 49
2025-12-29 11:35:46 [TestNG-test-OrangeHRMTest-3] INFO  ActionDriver - Entered text on:Element with name: username-->invalidUser
2025-12-29 11:35:46 [TestNG-test-OrangeHRMTest-4] INFO  ActionDriver - Entered text on:Element with name: username-->admin
2025-12-29 11:35:46 [TestNG-test-OrangeHRMTest-1] INFO  BaseClass - Webdriver instance is closed.
2025-12-29 11:35:46 [TestNG-test-OrangeHRMTest-2] INFO  BaseClass - Webdriver instance is closed.
2025-12-29 11:35:46 [TestNG-test-OrangeHRMTest-3] INFO  ActionDriver - Entered text on:Element with name: password-->invalidPass
2025-12-29 11:35:46 [TestNG-test-OrangeHRMTest-4] INFO  ActionDriver - Entered text on:Element with name: password-->admin123
2025-12-29 11:35:46 [TestNG-test-OrangeHRMTest-3] INFO  ActionDriver - Clicked on element--> Element with text: Login
2025-12-29 11:35:46 [TestNG-test-OrangeHRMTest-4] INFO  ActionDriver - Clicked on element--> Element with text: Login
2025-12-29 11:35:47 [TestNG-test-OrangeHRMTest-3] INFO  ActionDriver - Text is Matching:Invalid credentials equals Invalid credentials
2025-12-29 11:35:47 [TestNG-test-OrangeHRMTest-4] INFO  ActionDriver - Element is displayed Element description not available
2025-12-29 11:35:48 [TestNG-test-OrangeHRMTest-3] INFO  BaseClass - Webdriver instance is closed.
2025-12-29 11:35:48 [TestNG-test-OrangeHRMTest-4] INFO  ActionDriver - Clicked on element--> Element with text: @@@@@ GOSI!
2025-12-29 11:35:49 [TestNG-test-OrangeHRMTest-3] INFO  BaseClass - EdgeDriver instance is created.
2025-12-29 11:35:49 [TestNG-test-OrangeHRMTest-4] INFO  ActionDriver - Clicked on element--> Element with class: oxd-userdropdown-link
2025-12-29 11:35:52 [TestNG-test-OrangeHRMTest-4] INFO  BaseClass - Webdriver instance is closed.
2025-12-29 11:35:52 [TestNG-test-OrangeHRMTest-3] INFO  BaseClass - Webdriver Initialized and Browser maximized
2025-12-29 11:35:52 [TestNG-test-OrangeHRMTest-3] TRACE BaseClass - Trace Message
2025-12-29 11:35:52 [TestNG-test-OrangeHRMTest-3] ERROR BaseClass - Error Message
2025-12-29 11:35:52 [TestNG-test-OrangeHRMTest-3] DEBUG BaseClass - Debug Message
2025-12-29 11:35:52 [TestNG-test-OrangeHRMTest-3] FATAL BaseClass - Fatal Message
2025-12-29 11:35:52 [TestNG-test-OrangeHRMTest-3] WARN  BaseClass - Warn Message
2025-12-29 11:35:52 [TestNG-test-OrangeHRMTest-3] INFO  ActionDriver - WebDriver instance is created.
2025-12-29 11:35:52 [TestNG-test-OrangeHRMTest-3] INFO  BaseClass - ActionDriver initialized for thread: 50
2025-12-29 11:35:52 [TestNG-test-OrangeHRMTest-3] INFO  ActionDriver - Entered text on:Element with name: username-->admin
2025-12-29 11:35:53 [TestNG-test-OrangeHRMTest-3] INFO  ActionDriver - Entered text on:Element with name: password-->admin123
2025-12-29 11:35:53 [TestNG-test-OrangeHRMTest-3] INFO  ActionDriver - Clicked on element--> Element with text: Login
2025-12-29 11:35:54 [TestNG-test-OrangeHRMTest-3] INFO  ActionDriver - Element is displayed Element with text: Admin
2025-12-29 11:35:54 [TestNG-test-OrangeHRMTest-3] INFO  ActionDriver - Clicked on element--> Element with text: @@@@@ GOSI!
2025-12-29 11:35:55 [TestNG-test-OrangeHRMTest-3] INFO  ActionDriver - Clicked on element--> Element with class: oxd-userdropdown-link
2025-12-29 11:35:58 [TestNG-test-OrangeHRMTest-3] INFO  BaseClass - Webdriver instance is closed.
2025-12-29 11:38:26 [main] INFO  BaseClass - config.properties file loaded
2025-12-29 11:38:28 [TestNG-tests-1] INFO  BaseClass - EdgeDriver instance is created.
2025-12-29 11:38:31 [TestNG-tests-1] INFO  BaseClass - Webdriver Initialized and Browser maximized
2025-12-29 11:38:31 [TestNG-tests-1] TRACE BaseClass - Trace Message
2025-12-29 11:38:31 [TestNG-tests-1] ERROR BaseClass - Error Message
2025-12-29 11:38:31 [TestNG-tests-1] DEBUG BaseClass - Debug Message
2025-12-29 11:38:31 [TestNG-tests-1] FATAL BaseClass - Fatal Message
2025-12-29 11:38:31 [TestNG-tests-1] WARN  BaseClass - Warn Message
2025-12-29 11:38:31 [TestNG-tests-1] INFO  ActionDriver - WebDriver instance is created.
2025-12-29 11:38:31 [TestNG-tests-1] INFO  BaseClass - ActionDriver initialized for thread: 43
2025-12-29 11:38:31 [TestNG-tests-1] INFO  BaseClass - Webdriver instance is closed.
2025-12-29 11:38:32 [TestNG-tests-1] INFO  BaseClass - EdgeDriver instance is created.
2025-12-29 11:38:37 [TestNG-tests-1] INFO  BaseClass - Webdriver Initialized and Browser maximized
2025-12-29 11:38:37 [TestNG-tests-1] TRACE BaseClass - Trace Message
2025-12-29 11:38:37 [TestNG-tests-1] ERROR BaseClass - Error Message
2025-12-29 11:38:37 [TestNG-tests-1] DEBUG BaseClass - Debug Message
2025-12-29 11:38:37 [TestNG-tests-1] FATAL BaseClass - Fatal Message
2025-12-29 11:38:37 [TestNG-tests-1] WARN  BaseClass - Warn Message
2025-12-29 11:38:37 [TestNG-tests-1] INFO  ActionDriver - WebDriver instance is created.
2025-12-29 11:38:37 [TestNG-tests-1] INFO  BaseClass - ActionDriver initialized for thread: 43
2025-12-29 11:38:37 [TestNG-tests-1] INFO  BaseClass - Webdriver instance is closed.
2025-12-29 11:38:38 [TestNG-tests-1] INFO  BaseClass - EdgeDriver instance is created.
2025-12-29 11:38:42 [TestNG-tests-1] INFO  BaseClass - Webdriver Initialized and Browser maximized
2025-12-29 11:38:42 [TestNG-tests-1] TRACE BaseClass - Trace Message
2025-12-29 11:38:42 [TestNG-tests-1] ERROR BaseClass - Error Message
2025-12-29 11:38:42 [TestNG-tests-1] DEBUG BaseClass - Debug Message
2025-12-29 11:38:42 [TestNG-tests-1] FATAL BaseClass - Fatal Message
2025-12-29 11:38:42 [TestNG-tests-1] WARN  BaseClass - Warn Message
2025-12-29 11:38:42 [TestNG-tests-1] INFO  ActionDriver - WebDriver instance is created.
2025-12-29 11:38:42 [TestNG-tests-1] INFO  BaseClass - ActionDriver initialized for thread: 43
2025-12-29 11:38:42 [TestNG-tests-1] INFO  ActionDriver - Entered text on:Element with name: username-->invalidUser
2025-12-29 11:38:42 [TestNG-tests-1] INFO  ActionDriver - Entered text on:Element with name: password-->invalidPass
2025-12-29 11:38:43 [TestNG-tests-1] INFO  ActionDriver - Clicked on element--> Element with text: Login
2025-12-29 11:38:43 [TestNG-tests-1] INFO  ActionDriver - Text is Matching:Invalid credentials equals Invalid credentials
2025-12-29 11:38:44 [TestNG-tests-1] INFO  BaseClass - Webdriver instance is closed.
2025-12-29 11:38:45 [TestNG-tests-1] INFO  BaseClass - EdgeDriver instance is created.
2025-12-29 11:38:48 [TestNG-tests-1] INFO  BaseClass - Webdriver Initialized and Browser maximized
2025-12-29 11:38:48 [TestNG-tests-1] TRACE BaseClass - Trace Message
2025-12-29 11:38:48 [TestNG-tests-1] ERROR BaseClass - Error Message
2025-12-29 11:38:48 [TestNG-tests-1] DEBUG BaseClass - Debug Message
2025-12-29 11:38:48 [TestNG-tests-1] FATAL BaseClass - Fatal Message
2025-12-29 11:38:48 [TestNG-tests-1] WARN  BaseClass - Warn Message
2025-12-29 11:38:48 [TestNG-tests-1] INFO  ActionDriver - WebDriver instance is created.
2025-12-29 11:38:48 [TestNG-tests-1] INFO  BaseClass - ActionDriver initialized for thread: 43
2025-12-29 11:38:48 [TestNG-tests-1] INFO  ActionDriver - Entered text on:Element with name: username-->admin
2025-12-29 11:38:48 [TestNG-tests-1] INFO  ActionDriver - Entered text on:Element with name: password-->admin123
2025-12-29 11:38:48 [TestNG-tests-1] INFO  ActionDriver - Clicked on element--> Element with text: Login
2025-12-29 11:38:49 [TestNG-tests-1] INFO  ActionDriver - Element is displayed Element with text: Admin
2025-12-29 11:38:49 [TestNG-tests-1] INFO  ActionDriver - Clicked on element--> Element with text: @@@@@ GOSI!
2025-12-29 11:38:51 [TestNG-tests-1] INFO  ActionDriver - Clicked on element--> Element with class: oxd-userdropdown-link
2025-12-29 11:38:53 [TestNG-tests-1] INFO  BaseClass - Webdriver instance is closed.
2025-12-29 11:38:54 [TestNG-tests-1] INFO  BaseClass - EdgeDriver instance is created.
2025-12-29 11:38:58 [TestNG-tests-1] INFO  BaseClass - Webdriver Initialized and Browser maximized
2025-12-29 11:38:58 [TestNG-tests-1] TRACE BaseClass - Trace Message
2025-12-29 11:38:58 [TestNG-tests-1] ERROR BaseClass - Error Message
2025-12-29 11:38:58 [TestNG-tests-1] DEBUG BaseClass - Debug Message
2025-12-29 11:38:58 [TestNG-tests-1] FATAL BaseClass - Fatal Message
2025-12-29 11:38:58 [TestNG-tests-1] WARN  BaseClass - Warn Message
2025-12-29 11:38:58 [TestNG-tests-1] INFO  ActionDriver - WebDriver instance is created.
2025-12-29 11:38:58 [TestNG-tests-1] INFO  BaseClass - ActionDriver initialized for thread: 43
2025-12-29 11:38:58 [TestNG-tests-1] INFO  ActionDriver - Entered text on:Element with name: username-->admin
2025-12-29 11:38:58 [TestNG-tests-1] INFO  ActionDriver - Entered text on:Element with name: password-->admin123
2025-12-29 11:38:59 [TestNG-tests-1] INFO  ActionDriver - Clicked on element--> Element with text: Login
2025-12-29 11:39:00 [TestNG-tests-1] INFO  ActionDriver - Element is displayed Element description not available
2025-12-29 11:39:00 [TestNG-tests-1] INFO  ActionDriver - Clicked on element--> Element with text: @@@@@ GOSI!
2025-12-29 11:39:02 [TestNG-tests-1] INFO  ActionDriver - Clicked on element--> Element with text: Logout
2025-12-29 11:39:04 [TestNG-tests-1] INFO  BaseClass - Webdriver instance is closed.
2025-12-29 11:40:37 [main] INFO  BaseClass - config.properties file loaded
2025-12-29 11:40:41 [TestNG-test-OrangeHRMTest-4] INFO  BaseClass - EdgeDriver instance is created.
2025-12-29 11:40:41 [TestNG-test-OrangeHRMTest-5] INFO  BaseClass - EdgeDriver instance is created.
2025-12-29 11:40:41 [TestNG-test-OrangeHRMTest-1] INFO  BaseClass - EdgeDriver instance is created.
2025-12-29 11:40:41 [TestNG-test-OrangeHRMTest-3] INFO  BaseClass - EdgeDriver instance is created.
2025-12-29 11:40:41 [TestNG-test-OrangeHRMTest-2] INFO  BaseClass - EdgeDriver instance is created.
2025-12-29 11:40:43 [TestNG-test-OrangeHRMTest-3] INFO  BaseClass - Webdriver Initialized and Browser maximized
2025-12-29 11:40:43 [TestNG-test-OrangeHRMTest-3] TRACE BaseClass - Trace Message
2025-12-29 11:40:43 [TestNG-test-OrangeHRMTest-3] ERROR BaseClass - Error Message
2025-12-29 11:40:43 [TestNG-test-OrangeHRMTest-3] DEBUG BaseClass - Debug Message
2025-12-29 11:40:43 [TestNG-test-OrangeHRMTest-3] FATAL BaseClass - Fatal Message
2025-12-29 11:40:43 [TestNG-test-OrangeHRMTest-3] WARN  BaseClass - Warn Message
2025-12-29 11:40:43 [TestNG-test-OrangeHRMTest-3] INFO  ActionDriver - WebDriver instance is created.
2025-12-29 11:40:43 [TestNG-test-OrangeHRMTest-3] INFO  BaseClass - ActionDriver initialized for thread: 49
2025-12-29 11:40:44 [TestNG-test-OrangeHRMTest-2] INFO  BaseClass - Webdriver Initialized and Browser maximized
2025-12-29 11:40:44 [TestNG-test-OrangeHRMTest-2] TRACE BaseClass - Trace Message
2025-12-29 11:40:44 [TestNG-test-OrangeHRMTest-2] ERROR BaseClass - Error Message
2025-12-29 11:40:44 [TestNG-test-OrangeHRMTest-2] DEBUG BaseClass - Debug Message
2025-12-29 11:40:44 [TestNG-test-OrangeHRMTest-2] FATAL BaseClass - Fatal Message
2025-12-29 11:40:44 [TestNG-test-OrangeHRMTest-2] WARN  BaseClass - Warn Message
2025-12-29 11:40:44 [TestNG-test-OrangeHRMTest-2] INFO  ActionDriver - WebDriver instance is created.
2025-12-29 11:40:44 [TestNG-test-OrangeHRMTest-2] INFO  BaseClass - ActionDriver initialized for thread: 48
2025-12-29 11:40:44 [TestNG-test-OrangeHRMTest-1] INFO  BaseClass - Webdriver Initialized and Browser maximized
2025-12-29 11:40:44 [TestNG-test-OrangeHRMTest-1] TRACE BaseClass - Trace Message
2025-12-29 11:40:44 [TestNG-test-OrangeHRMTest-1] ERROR BaseClass - Error Message
2025-12-29 11:40:44 [TestNG-test-OrangeHRMTest-1] DEBUG BaseClass - Debug Message
2025-12-29 11:40:44 [TestNG-test-OrangeHRMTest-1] FATAL BaseClass - Fatal Message
2025-12-29 11:40:44 [TestNG-test-OrangeHRMTest-1] WARN  BaseClass - Warn Message
2025-12-29 11:40:44 [TestNG-test-OrangeHRMTest-1] INFO  ActionDriver - WebDriver instance is created.
2025-12-29 11:40:44 [TestNG-test-OrangeHRMTest-1] INFO  BaseClass - ActionDriver initialized for thread: 47
2025-12-29 11:40:44 [TestNG-test-OrangeHRMTest-5] INFO  BaseClass - Webdriver Initialized and Browser maximized
2025-12-29 11:40:44 [TestNG-test-OrangeHRMTest-5] TRACE BaseClass - Trace Message
2025-12-29 11:40:44 [TestNG-test-OrangeHRMTest-5] ERROR BaseClass - Error Message
2025-12-29 11:40:44 [TestNG-test-OrangeHRMTest-5] DEBUG BaseClass - Debug Message
2025-12-29 11:40:44 [TestNG-test-OrangeHRMTest-5] FATAL BaseClass - Fatal Message
2025-12-29 11:40:44 [TestNG-test-OrangeHRMTest-5] WARN  BaseClass - Warn Message
2025-12-29 11:40:44 [TestNG-test-OrangeHRMTest-5] INFO  ActionDriver - WebDriver instance is created.
2025-12-29 11:40:44 [TestNG-test-OrangeHRMTest-5] INFO  BaseClass - ActionDriver initialized for thread: 51
2025-12-29 11:40:44 [TestNG-test-OrangeHRMTest-3] INFO  ActionDriver - Entered text on:Element with name: username-->invalidUser
2025-12-29 11:40:44 [TestNG-test-OrangeHRMTest-5] INFO  ActionDriver - Entered text on:Element with name: username-->admin
2025-12-29 11:40:44 [TestNG-test-OrangeHRMTest-2] INFO  BaseClass - Webdriver instance is closed.
2025-12-29 11:40:44 [TestNG-test-OrangeHRMTest-1] INFO  BaseClass - Webdriver instance is closed.
2025-12-29 11:40:44 [TestNG-test-OrangeHRMTest-3] INFO  ActionDriver - Entered text on:Element with name: password-->invalidPass
2025-12-29 11:40:44 [TestNG-test-OrangeHRMTest-4] INFO  BaseClass - Webdriver Initialized and Browser maximized
2025-12-29 11:40:44 [TestNG-test-OrangeHRMTest-4] TRACE BaseClass - Trace Message
2025-12-29 11:40:44 [TestNG-test-OrangeHRMTest-4] ERROR BaseClass - Error Message
2025-12-29 11:40:44 [TestNG-test-OrangeHRMTest-4] DEBUG BaseClass - Debug Message
2025-12-29 11:40:44 [TestNG-test-OrangeHRMTest-4] FATAL BaseClass - Fatal Message
2025-12-29 11:40:44 [TestNG-test-OrangeHRMTest-4] WARN  BaseClass - Warn Message
2025-12-29 11:40:44 [TestNG-test-OrangeHRMTest-4] INFO  ActionDriver - WebDriver instance is created.
2025-12-29 11:40:44 [TestNG-test-OrangeHRMTest-4] INFO  BaseClass - ActionDriver initialized for thread: 50
2025-12-29 11:40:44 [TestNG-test-OrangeHRMTest-5] INFO  ActionDriver - Entered text on:Element with name: password-->admin123
2025-12-29 11:40:45 [TestNG-test-OrangeHRMTest-3] INFO  ActionDriver - Clicked on element--> Element with text: Login
2025-12-29 11:40:45 [TestNG-test-OrangeHRMTest-5] INFO  ActionDriver - Clicked on element--> Element with text: Login
2025-12-29 11:40:46 [TestNG-test-OrangeHRMTest-5] INFO  ActionDriver - Element is displayed Element description not available
2025-12-29 11:40:46 [TestNG-test-OrangeHRMTest-5] INFO  ActionDriver - Clicked on element--> Element with text: @@@@@ GOSI!
2025-12-29 11:40:47 [TestNG-test-OrangeHRMTest-5] INFO  ActionDriver - Clicked on element--> Element with text: Logout
2025-12-29 11:40:49 [TestNG-test-OrangeHRMTest-5] INFO  BaseClass - Webdriver instance is closed.
2025-12-29 11:40:55 [TestNG-test-OrangeHRMTest-4] INFO  ActionDriver - Entered text on:Element with name: username-->admin
2025-12-29 11:40:55 [TestNG-test-OrangeHRMTest-4] INFO  ActionDriver - Entered text on:Element with name: password-->admin123
2025-12-29 11:40:56 [TestNG-test-OrangeHRMTest-4] INFO  ActionDriver - Clicked on element--> Element with text: Login
2025-12-29 11:41:06 [TestNG-test-OrangeHRMTest-4] INFO  ActionDriver - Element is displayed Element with text: Admin
2025-12-29 11:41:06 [TestNG-test-OrangeHRMTest-4] INFO  ActionDriver - Clicked on element--> Element with text: @@@@@ GOSI!
2025-12-29 11:41:07 [TestNG-test-OrangeHRMTest-4] INFO  ActionDriver - Clicked on element--> Element with text: Logout
2025-12-29 11:41:17 [TestNG-test-OrangeHRMTest-3] ERROR ActionDriver - element is not visible: Expected condition failed: waiting for visibility of element located by By.xpath: //p[text()='Invalid credentials'] (tried for 30 second(s) with 500 milliseconds interval)
Build info: version: '4.39.0', revision: '126f156aee'
System info: os.name: 'Windows 11', os.arch: 'amd64', os.version: '10.0', java.version: '25.0.1'
Driver info: org.openqa.selenium.edge.EdgeDriver
Capabilities {acceptInsecureCerts: false, browserName: MicrosoftEdge, browserVersion: 143.0.3650.96, fedcm:accounts: true, goog:processID: 2380, ms:edgeOptions: {debuggerAddress: localhost:50251}, msedge: {msedgedriverVersion: 143.0.3650.96 (d55fe85d0141..., userDataDir: C:\Users\igent\AppData\Loca...}, networkConnectionEnabled: false, pageLoadStrategy: normal, platformName: windows, proxy: Proxy(), se:cdp: ws://localhost:50251/devtoo..., se:cdpVersion: 143.0.3650.96, setWindowRect: true, strictFileInteractability: false, timeouts: {implicit: 0, pageLoad: 300000, script: 30000}, unhandledPromptBehavior: dismiss and notify, webauthn:extension:credBlob: true, webauthn:extension:largeBlob: true, webauthn:extension:minPinLength: true, webauthn:extension:prf: true, webauthn:virtualAuthenticators: true}
Session ID: dd4a46a29bb8e04b04dc09e9cc492915
2025-12-29 11:41:17 [TestNG-test-OrangeHRMTest-3] ERROR ActionDriver - Unable to compare the texts: Error communicating with the remote browser. It may have died.
Build info: version: '4.39.0', revision: '126f156aee'
System info: os.name: 'Windows 11', os.arch: 'amd64', os.version: '10.0', java.version: '25.0.1'
Driver info: org.openqa.selenium.edge.EdgeDriver
Command: [dd4a46a29bb8e04b04dc09e9cc492915, findElement [using, value]]
Capabilities {acceptInsecureCerts: false, browserName: MicrosoftEdge, browserVersion: 143.0.3650.96, fedcm:accounts: true, goog:processID: 2380, ms:edgeOptions: {debuggerAddress: localhost:50251}, msedge: {msedgedriverVersion: 143.0.3650.96 (d55fe85d0141..., userDataDir: C:\Users\igent\AppData\Loca...}, networkConnectionEnabled: false, pageLoadStrategy: normal, platformName: windows, proxy: Proxy(), se:cdp: ws://localhost:50251/devtoo..., se:cdpVersion: 143.0.3650.96, setWindowRect: true, strictFileInteractability: false, timeouts: {implicit: 0, pageLoad: 300000, script: 30000}, unhandledPromptBehavior: dismiss and notify, webauthn:extension:credBlob: true, webauthn:extension:largeBlob: true, webauthn:extension:minPinLength: true, webauthn:extension:prf: true, webauthn:virtualAuthenticators: true}
Session ID: dd4a46a29bb8e04b04dc09e9cc492915
2025-12-29 11:41:17 [TestNG-test-OrangeHRMTest-4] INFO  BaseClass - Webdriver instance is closed.
2025-12-29 11:41:17 [TestNG-test-OrangeHRMTest-3] INFO  BaseClass - Webdriver instance is closed.
2025-12-29 11:43:15 [main] INFO  BaseClass - config.properties file loaded
2025-12-29 11:43:18 [TestNG-test-OrangeHRMTest-1] INFO  BaseClass - EdgeDriver instance is created.
2025-12-29 11:43:18 [TestNG-test-OrangeHRMTest-4] INFO  BaseClass - EdgeDriver instance is created.
2025-12-29 11:43:18 [TestNG-test-OrangeHRMTest-2] INFO  BaseClass - EdgeDriver instance is created.
2025-12-29 11:43:18 [TestNG-test-OrangeHRMTest-3] INFO  BaseClass - EdgeDriver instance is created.
2025-12-29 11:43:21 [TestNG-test-OrangeHRMTest-1] INFO  BaseClass - Webdriver Initialized and Browser maximized
2025-12-29 11:43:21 [TestNG-test-OrangeHRMTest-1] TRACE BaseClass - Trace Message
2025-12-29 11:43:21 [TestNG-test-OrangeHRMTest-1] ERROR BaseClass - Error Message
2025-12-29 11:43:21 [TestNG-test-OrangeHRMTest-1] DEBUG BaseClass - Debug Message
2025-12-29 11:43:21 [TestNG-test-OrangeHRMTest-1] FATAL BaseClass - Fatal Message
2025-12-29 11:43:21 [TestNG-test-OrangeHRMTest-1] WARN  BaseClass - Warn Message
2025-12-29 11:43:21 [TestNG-test-OrangeHRMTest-1] INFO  ActionDriver - WebDriver instance is created.
2025-12-29 11:43:21 [TestNG-test-OrangeHRMTest-1] INFO  BaseClass - ActionDriver initialized for thread: 47
2025-12-29 11:43:22 [TestNG-test-OrangeHRMTest-1] INFO  BaseClass - Webdriver instance is closed.
2025-12-29 11:43:22 [TestNG-test-OrangeHRMTest-4] INFO  BaseClass - Webdriver Initialized and Browser maximized
2025-12-29 11:43:22 [TestNG-test-OrangeHRMTest-4] TRACE BaseClass - Trace Message
2025-12-29 11:43:22 [TestNG-test-OrangeHRMTest-4] ERROR BaseClass - Error Message
2025-12-29 11:43:22 [TestNG-test-OrangeHRMTest-4] DEBUG BaseClass - Debug Message
2025-12-29 11:43:22 [TestNG-test-OrangeHRMTest-4] FATAL BaseClass - Fatal Message
2025-12-29 11:43:22 [TestNG-test-OrangeHRMTest-4] WARN  BaseClass - Warn Message
2025-12-29 11:43:22 [TestNG-test-OrangeHRMTest-4] INFO  ActionDriver - WebDriver instance is created.
2025-12-29 11:43:22 [TestNG-test-OrangeHRMTest-4] INFO  BaseClass - ActionDriver initialized for thread: 50
2025-12-29 11:43:22 [TestNG-test-OrangeHRMTest-4] INFO  ActionDriver - Entered text on:Element with name: username-->admin
2025-12-29 11:43:23 [TestNG-test-OrangeHRMTest-4] INFO  ActionDriver - Entered text on:Element with name: password-->admin123
2025-12-29 11:43:23 [TestNG-test-OrangeHRMTest-4] INFO  ActionDriver - Clicked on element--> Element with text: Login
2025-12-29 11:43:23 [TestNG-test-OrangeHRMTest-3] INFO  BaseClass - Webdriver Initialized and Browser maximized
2025-12-29 11:43:23 [TestNG-test-OrangeHRMTest-3] TRACE BaseClass - Trace Message
2025-12-29 11:43:23 [TestNG-test-OrangeHRMTest-3] ERROR BaseClass - Error Message
2025-12-29 11:43:23 [TestNG-test-OrangeHRMTest-3] DEBUG BaseClass - Debug Message
2025-12-29 11:43:23 [TestNG-test-OrangeHRMTest-3] FATAL BaseClass - Fatal Message
2025-12-29 11:43:23 [TestNG-test-OrangeHRMTest-3] WARN  BaseClass - Warn Message
2025-12-29 11:43:23 [TestNG-test-OrangeHRMTest-3] INFO  ActionDriver - WebDriver instance is created.
2025-12-29 11:43:23 [TestNG-test-OrangeHRMTest-3] INFO  BaseClass - ActionDriver initialized for thread: 49
2025-12-29 11:43:23 [TestNG-test-OrangeHRMTest-2] INFO  BaseClass - Webdriver Initialized and Browser maximized
2025-12-29 11:43:23 [TestNG-test-OrangeHRMTest-2] TRACE BaseClass - Trace Message
2025-12-29 11:43:23 [TestNG-test-OrangeHRMTest-2] ERROR BaseClass - Error Message
2025-12-29 11:43:23 [TestNG-test-OrangeHRMTest-2] DEBUG BaseClass - Debug Message
2025-12-29 11:43:23 [TestNG-test-OrangeHRMTest-2] FATAL BaseClass - Fatal Message
2025-12-29 11:43:23 [TestNG-test-OrangeHRMTest-2] WARN  BaseClass - Warn Message
2025-12-29 11:43:23 [TestNG-test-OrangeHRMTest-2] INFO  ActionDriver - WebDriver instance is created.
2025-12-29 11:43:23 [TestNG-test-OrangeHRMTest-2] INFO  BaseClass - ActionDriver initialized for thread: 48
2025-12-29 11:43:24 [TestNG-test-OrangeHRMTest-3] INFO  ActionDriver - Entered text on:Element with name: username-->invalidUser
2025-12-29 11:43:24 [TestNG-test-OrangeHRMTest-2] INFO  BaseClass - Webdriver instance is closed.
2025-12-29 11:43:24 [TestNG-test-OrangeHRMTest-4] INFO  ActionDriver - Element is displayed Element description not available
2025-12-29 11:43:24 [TestNG-test-OrangeHRMTest-3] INFO  ActionDriver - Entered text on:Element with name: password-->invalidPass
2025-12-29 11:43:24 [TestNG-test-OrangeHRMTest-3] INFO  ActionDriver - Clicked on element--> Element with text: Login
2025-12-29 11:43:24 [TestNG-test-OrangeHRMTest-4] INFO  ActionDriver - Clicked on element--> Element with text: @@@@@ GOSI!
2025-12-29 11:43:25 [TestNG-test-OrangeHRMTest-3] INFO  ActionDriver - Text is Matching:Invalid credentials equals Invalid credentials
2025-12-29 11:43:25 [TestNG-test-OrangeHRMTest-3] INFO  BaseClass - Webdriver instance is closed.
2025-12-29 11:43:26 [TestNG-test-OrangeHRMTest-4] INFO  ActionDriver - Clicked on element--> Element with class: oxd-userdropdown-link
2025-12-29 11:43:26 [TestNG-test-OrangeHRMTest-3] INFO  BaseClass - EdgeDriver instance is created.
2025-12-29 11:43:28 [TestNG-test-OrangeHRMTest-4] INFO  BaseClass - Webdriver instance is closed.
2025-12-29 11:43:29 [TestNG-test-OrangeHRMTest-3] INFO  BaseClass - Webdriver Initialized and Browser maximized
2025-12-29 11:43:29 [TestNG-test-OrangeHRMTest-3] TRACE BaseClass - Trace Message
2025-12-29 11:43:29 [TestNG-test-OrangeHRMTest-3] ERROR BaseClass - Error Message
2025-12-29 11:43:29 [TestNG-test-OrangeHRMTest-3] DEBUG BaseClass - Debug Message
2025-12-29 11:43:29 [TestNG-test-OrangeHRMTest-3] FATAL BaseClass - Fatal Message
2025-12-29 11:43:29 [TestNG-test-OrangeHRMTest-3] WARN  BaseClass - Warn Message
2025-12-29 11:43:29 [TestNG-test-OrangeHRMTest-3] INFO  ActionDriver - WebDriver instance is created.
2025-12-29 11:43:29 [TestNG-test-OrangeHRMTest-3] INFO  BaseClass - ActionDriver initialized for thread: 49
2025-12-29 11:43:29 [TestNG-test-OrangeHRMTest-3] INFO  ActionDriver - Entered text on:Element with name: username-->admin
2025-12-29 11:43:29 [TestNG-test-OrangeHRMTest-3] INFO  ActionDriver - Entered text on:Element with name: password-->admin123
2025-12-29 11:43:33 [TestNG-test-OrangeHRMTest-3] INFO  ActionDriver - Clicked on element--> Element with text: Login
2025-12-29 11:43:33 [TestNG-test-OrangeHRMTest-3] INFO  ActionDriver - Element is displayed Element with text: Admin
2025-12-29 11:43:33 [TestNG-test-OrangeHRMTest-3] INFO  ActionDriver - Clicked on element--> Element with text: @@@@@ GOSI!
2025-12-29 11:43:34 [TestNG-test-OrangeHRMTest-3] INFO  ActionDriver - Clicked on element--> Element with text: Logout
2025-12-29 11:43:37 [TestNG-test-OrangeHRMTest-3] INFO  BaseClass - Webdriver instance is closed.
